<?xml version="1.0" encoding="UTF-8"?>
<!-- Generated by org.testng.reporters.JUnitReportReporter -->
<testsuite hostname="LAPTOP-6UNA8P7R" failures="0" tests="1" name="org.ExtentReportDemo.ExtentReportDemo" time="11.506" errors="0" timestamp="2023-12-07T18:01:36 EST" skipped="0">
  <testcase classname="org.ExtentReportDemo.ExtentReportDemo" name="initialDemo" time="11.506"/>
  <system-out/>
</testsuite> <!-- org.ExtentReportDemo.ExtentReportDemo -->
